0 info it worked if it ends with ok
1 verbose cli [ '/usr/local/bin/node',
1 verbose cli   '/Users/josephorr/.npm-packages/bin/npm',
1 verbose cli   'start' ]
2 info using npm@3.10.10
3 info using node@v6.11.4
4 verbose run-script [ 'prestart', 'start', 'poststart' ]
5 info lifecycle scraper-api@0.1.0~prestart: scraper-api@0.1.0
6 silly lifecycle scraper-api@0.1.0~prestart: no script for prestart, continuing
7 info lifecycle scraper-api@0.1.0~start: scraper-api@0.1.0
8 verbose lifecycle scraper-api@0.1.0~start: unsafe-perm in lifecycle true
9 verbose lifecycle scraper-api@0.1.0~start: PATH: /Users/josephorr/.npm-packages/lib/node_modules/npm/bin/node-gyp-bin:/Users/josephorr/Development/restify/node_modules/.bin:/Library/Frameworks/Python.framework/Versions/3.6/bin:/Users/josephorr/.npm-packages/bin:/usr/local/bin:/usr/bin:/bin:/usr/sbin:/sbin:/opt/X11/bin
10 verbose lifecycle scraper-api@0.1.0~start: CWD: /Users/josephorr/Development/restify
11 silly lifecycle scraper-api@0.1.0~start: Args: [ '-c', 'node index.js' ]
12 silly lifecycle scraper-api@0.1.0~start: Returned: code: 1  signal: null
13 info lifecycle scraper-api@0.1.0~start: Failed to exec start script
14 verbose stack Error: scraper-api@0.1.0 start: `node index.js`
14 verbose stack Exit status 1
14 verbose stack     at EventEmitter.<anonymous> (/Users/josephorr/.npm-packages/lib/node_modules/npm/lib/utils/lifecycle.js:255:16)
14 verbose stack     at emitTwo (events.js:106:13)
14 verbose stack     at EventEmitter.emit (events.js:191:7)
14 verbose stack     at ChildProcess.<anonymous> (/Users/josephorr/.npm-packages/lib/node_modules/npm/lib/utils/spawn.js:40:14)
14 verbose stack     at emitTwo (events.js:106:13)
14 verbose stack     at ChildProcess.emit (events.js:191:7)
14 verbose stack     at maybeClose (internal/child_process.js:920:16)
14 verbose stack     at Process.ChildProcess._handle.onexit (internal/child_process.js:230:5)
15 verbose pkgid scraper-api@0.1.0
16 verbose cwd /Users/josephorr/Development/restify
17 error Darwin 17.5.0
18 error argv "/usr/local/bin/node" "/Users/josephorr/.npm-packages/bin/npm" "start"
19 error node v6.11.4
20 error npm  v3.10.10
21 error code ELIFECYCLE
22 error scraper-api@0.1.0 start: `node index.js`
22 error Exit status 1
23 error Failed at the scraper-api@0.1.0 start script 'node index.js'.
23 error Make sure you have the latest version of node.js and npm installed.
23 error If you do, this is most likely a problem with the scraper-api package,
23 error not with npm itself.
23 error Tell the author that this fails on your system:
23 error     node index.js
23 error You can get information on how to open an issue for this project with:
23 error     npm bugs scraper-api
23 error Or if that isn't available, you can get their info via:
23 error     npm owner ls scraper-api
23 error There is likely additional logging output above.
24 verbose exit [ 1, true ]
